{
  "RSpec": {
    "coverage": {
      "/Users/kinsey/Desktop/son-of-cod/spec/features/helper_spec.rb": [
        1,
        null,
        1,
        1,
        1,
        1,
        1,
        null,
        null,
        1,
        1,
        1,
        null,
        null
      ],
      "/Users/kinsey/Desktop/son-of-cod/spec/rails_helper.rb": [
        null,
        1,
        1,
        1,
        null,
        1,
        1,
        1,
        1,
        null,
        null,
        null,
        null,
        null,
        null,
        null,
        null,
        null,
        null,
        null,
        null,
        null,
        null,
        null,
        null,
        null,
        null,
        null,
        1,
        null,
        1,
        null,
        1,
        null,
        null,
        null,
        null,
        1,
        null,
        null,
        null,
        null,
        null,
        null,
        null,
        null,
        null,
        null,
        null,
        null,
        null,
        null,
        1,
        null,
        null,
        1,
        null,
        null,
        null,
        null,
        1,
        1,
        1,
        1,
        null,
        null
      ],
      "/Users/kinsey/Desktop/son-of-cod/config/environment.rb": [
        null,
        1,
        null,
        null,
        1
      ],
      "/Users/kinsey/Desktop/son-of-cod/config/application.rb": [
        1,
        null,
        1,
        null,
        1,
        1,
        1,
        1,
        1,
        1,
        1,
        1,
        null,
        null,
        null,
        null,
        1,
        null,
        1,
        1,
        null,
        1,
        null,
        null,
        null,
        null,
        null,
        null,
        1,
        null,
        null
      ],
      "/Users/kinsey/Desktop/son-of-cod/config/boot.rb": [
        1,
        null,
        1
      ],
      "/Users/kinsey/Desktop/son-of-cod/config/environments/test.rb": [
        1,
        null,
        null,
        null,
        null,
        null,
        null,
        1,
        null,
        null,
        null,
        null,
        1,
        null,
        null,
        1,
        1,
        null,
        null,
        null,
        null,
        1,
        1,
        null,
        null,
        1,
        null,
        null,
        1,
        1,
        null,
        null,
        null,
        null,
        1,
        null,
        null,
        1,
        null,
        null,
        null,
        null
      ],
      "/Users/kinsey/Desktop/son-of-cod/config/initializers/application_controller_renderer.rb": [
        null,
        null,
        null,
        null,
        null,
        null
      ],
      "/Users/kinsey/Desktop/son-of-cod/config/initializers/assets.rb": [
        null,
        null,
        null,
        1,
        null,
        null,
        null,
        null,
        1,
        null,
        null,
        null,
        null,
        null
      ],
      "/Users/kinsey/Desktop/son-of-cod/config/initializers/backtrace_silencers.rb": [
        null,
        null,
        null,
        null,
        null,
        null,
        null
      ],
      "/Users/kinsey/Desktop/son-of-cod/config/initializers/cookies_serializer.rb": [
        null,
        null,
        null,
        null,
        1
      ],
      "/Users/kinsey/Desktop/son-of-cod/config/initializers/filter_parameter_logging.rb": [
        null,
        null,
        null,
        1
      ],
      "/Users/kinsey/Desktop/son-of-cod/config/initializers/inflections.rb": [
        null,
        null,
        null,
        null,
        null,
        null,
        null,
        null,
        null,
        null,
        null,
        null,
        null,
        null,
        null,
        null
      ],
      "/Users/kinsey/Desktop/son-of-cod/config/initializers/mime_types.rb": [
        null,
        null,
        null,
        null
      ],
      "/Users/kinsey/Desktop/son-of-cod/config/initializers/wrap_parameters.rb": [
        null,
        null,
        null,
        null,
        null,
        null,
        1,
        2,
        null,
        null,
        null,
        null,
        null,
        null
      ],
      "/Users/kinsey/Desktop/son-of-cod/app/channels/application_cable/channel.rb": [
        1,
        1,
        null,
        null
      ],
      "/Users/kinsey/Desktop/son-of-cod/app/channels/application_cable/connection.rb": [
        1,
        1,
        null,
        null
      ],
      "/Users/kinsey/Desktop/son-of-cod/app/controllers/application_controller.rb": [
        1,
        1,
        1,
        null,
        1,
        234,
        211,
        null,
        null,
        null,
        1,
        16,
        1,
        1,
        null,
        null,
        null,
        1,
        10,
        1,
        1,
        null,
        null,
        null
      ],
      "/Users/kinsey/Desktop/son-of-cod/app/helpers/application_helper.rb": [
        1,
        null
      ],
      "/Users/kinsey/Desktop/son-of-cod/app/controllers/landing_controller.rb": [
        1,
        1,
        null,
        null,
        null,
        null,
        null,
        null
      ],
      "/Users/kinsey/Desktop/son-of-cod/app/controllers/products_controller.rb": [
        1,
        1,
        null,
        1,
        3,
        null,
        null,
        1,
        15,
        null,
        null,
        1,
        2,
        null,
        null,
        1,
        2,
        2,
        1,
        1,
        null,
        1,
        1,
        null,
        null,
        null,
        1,
        2,
        null,
        null,
        1,
        2,
        2,
        1,
        1,
        null,
        1,
        1,
        null,
        null,
        null,
        1,
        1,
        1,
        1,
        1,
        null,
        null,
        1,
        1,
        4,
        null,
        null
      ],
      "/Users/kinsey/Desktop/son-of-cod/app/controllers/reviews_controller.rb": [
        1,
        1,
        null,
        1,
        5,
        5,
        null,
        null,
        1,
        5,
        5,
        5,
        5,
        4,
        4,
        null,
        1,
        null,
        null,
        null,
        1,
        2,
        2,
        null,
        null,
        1,
        2,
        2,
        2,
        1,
        1,
        null,
        1,
        null,
        null,
        null,
        1,
        1,
        1,
        1,
        1,
        1,
        null,
        null,
        1,
        1,
        7,
        null,
        null
      ],
      "/Users/kinsey/Desktop/son-of-cod/app/controllers/sessions_controller.rb": [
        1,
        1,
        12,
        12,
        11,
        11,
        11,
        null,
        1,
        1,
        null,
        null,
        null,
        1,
        2,
        2,
        2,
        null,
        null
      ],
      "/Users/kinsey/Desktop/son-of-cod/app/controllers/users_controller.rb": [
        1,
        null,
        1,
        4,
        null,
        null,
        1,
        3,
        3,
        2,
        2,
        2,
        null,
        1,
        1,
        null,
        null,
        null,
        1,
        null,
        1,
        3,
        null,
        null
      ],
      "/Users/kinsey/Desktop/son-of-cod/app/jobs/application_job.rb": [
        1,
        null
      ],
      "/Users/kinsey/Desktop/son-of-cod/app/mailers/application_mailer.rb": [
        1,
        1,
        1,
        null
      ],
      "/Users/kinsey/Desktop/son-of-cod/app/models/application_record.rb": [
        1,
        1,
        null
      ],
      "/Users/kinsey/Desktop/son-of-cod/app/models/product.rb": [
        1,
        1,
        1,
        null
      ],
      "/Users/kinsey/Desktop/son-of-cod/app/models/review.rb": [
        1,
        1,
        1,
        null
      ],
      "/Users/kinsey/Desktop/son-of-cod/app/models/user.rb": [
        1,
        1,
        1,
        1,
        1,
        1,
        null,
        1,
        13,
        13,
        null,
        null,
        1,
        12,
        12,
        11,
        null,
        null,
        null,
        null,
        null
      ],
      "/Users/kinsey/Desktop/son-of-cod/spec/factories.rb": [
        1,
        1,
        1,
        1,
        1,
        1,
        1,
        null,
        null,
        1,
        1,
        1,
        1,
        1,
        1,
        1,
        null,
        null,
        1,
        1,
        1,
        1,
        1,
        1,
        1,
        1,
        null,
        null,
        1,
        1,
        1,
        1,
        null,
        null
      ],
      "/Users/kinsey/Desktop/son-of-cod/config/routes.rb": [
        1,
        1,
        null,
        null,
        null,
        1,
        1,
        null,
        null,
        null,
        null,
        null,
        null,
        1,
        1,
        null,
        1,
        1,
        1,
        null,
        null
      ],
      "/Users/kinsey/Desktop/son-of-cod/spec/support/factory_girl.rb": [
        null,
        1,
        1,
        null
      ],
      "/Users/kinsey/Desktop/son-of-cod/spec/features/products_add_edit_delete_spec.rb": [
        1,
        null,
        null,
        1,
        1,
        1,
        1,
        1,
        1,
        1,
        1,
        1,
        1,
        1,
        1,
        1,
        1,
        1,
        1,
        1,
        null,
        null,
        1,
        1,
        1,
        null,
        1,
        1,
        1,
        1,
        1,
        null,
        1,
        null,
        null,
        1,
        1,
        1,
        1,
        1,
        1,
        1,
        1,
        1,
        1,
        1,
        1,
        1,
        null,
        null,
        1,
        1,
        1,
        1,
        1,
        1,
        1,
        1,
        1,
        1,
        1,
        1,
        null,
        null,
        1,
        1,
        1,
        1,
        1,
        1,
        1,
        1,
        1,
        1,
        1,
        null,
        null
      ],
      "/Users/kinsey/Desktop/son-of-cod/spec/features/reviews_add_edit_delete_spec.rb": [
        1,
        null,
        1,
        1,
        1,
        1,
        1,
        1,
        1,
        1,
        1,
        1,
        1,
        1,
        1,
        1,
        null,
        null,
        1,
        1,
        1,
        1,
        1,
        1,
        1,
        1,
        1,
        1,
        1,
        1,
        1,
        null,
        null,
        1,
        1,
        1,
        1,
        1,
        1,
        1,
        1,
        1,
        1,
        1,
        1,
        1,
        1,
        1,
        1,
        null,
        null,
        1,
        1,
        1,
        1,
        1,
        1,
        1,
        1,
        1,
        1,
        1,
        1,
        1,
        1,
        1,
        1,
        null,
        null,
        null,
        1,
        1,
        1,
        1,
        null,
        null,
        1,
        1,
        1,
        1,
        1,
        1,
        1,
        1,
        1,
        1,
        null,
        null,
        1,
        1,
        1,
        1,
        1,
        1,
        1,
        null,
        null
      ],
      "/Users/kinsey/Desktop/son-of-cod/spec/features/user_features_spec.rb": [
        1,
        null,
        1,
        1,
        1,
        1,
        1,
        1,
        1,
        1,
        1,
        null,
        null,
        1,
        1,
        1,
        1,
        null,
        null,
        1,
        1,
        1,
        1,
        1,
        1,
        1,
        1,
        1,
        1,
        1,
        null,
        null
      ],
      "/Users/kinsey/Desktop/son-of-cod/spec/models/product_spec.rb": [
        1,
        null,
        1,
        2,
        2,
        2,
        2,
        2,
        null,
        2,
        null,
        null
      ],
      "/Users/kinsey/Desktop/son-of-cod/spec/models/review_spec.rb": [
        1,
        null,
        1,
        2,
        2,
        2,
        2,
        2,
        2,
        2,
        null
      ],
      "/Users/kinsey/Desktop/son-of-cod/spec/models/user_spec.rb": [
        1,
        null,
        1,
        2,
        null
      ]
    },
    "timestamp": 1499589204
  }
}
